[debug] [2025-08-30T14:24:53.350Z] ----------------------------------------------------------------------
[debug] [2025-08-30T14:24:53.358Z] Command:       /opt/homebrew/Cellar/node/23.10.0_1/bin/node /opt/homebrew/bin/firebase init
[debug] [2025-08-30T14:24:53.358Z] CLI Version:   14.15.1
[debug] [2025-08-30T14:24:53.358Z] Platform:      darwin
[debug] [2025-08-30T14:24:53.359Z] Node Version:  v23.10.0
[debug] [2025-08-30T14:24:53.359Z] Time:          Sat Aug 30 2025 23:24:53 GMT+0900 (대한민국 표준시)
[debug] [2025-08-30T14:24:53.359Z] ----------------------------------------------------------------------
[debug] 
[debug] [2025-08-30T14:24:53.362Z] > command requires scopes: ["email","openid","https://www.googleapis.com/auth/cloudplatformprojects.readonly","https://www.googleapis.com/auth/firebase","https://www.googleapis.com/auth/cloud-platform"]
[debug] [2025-08-30T14:24:53.362Z] > authorizing via signed-in user (alskdj7879@gmail.com)
[info] 
     ######## #### ########  ######## ########     ###     ######  ########
     ##        ##  ##     ## ##       ##     ##  ##   ##  ##       ##
     ######    ##  ########  ######   ########  #########  ######  ######
     ##        ##  ##    ##  ##       ##     ## ##     ##       ## ##
     ##       #### ##     ## ######## ########  ##     ##  ######  ########

You're about to initialize a Firebase project in this directory:

  /Users/bagboseong/programing/25/sallang_poc/demo

[info] 
=== Project Setup
[info] 
[info] First, let's associate this project directory with a Firebase project.
[info] You can create multiple project aliases by running firebase use --add, 
[info] but for now we'll just set up a default project.
[info] 
[debug] [2025-08-30T14:26:42.439Z] Checked if tokens are valid: true, expires at: 1756567431220
[debug] [2025-08-30T14:26:42.442Z] Checked if tokens are valid: true, expires at: 1756567431220
[debug] [2025-08-30T14:26:42.444Z] >>> [apiv2][query] GET https://firebase.googleapis.com/v1beta1/projects pageSize=100
[debug] [2025-08-30T14:26:43.275Z] <<< [apiv2][status] GET https://firebase.googleapis.com/v1beta1/projects 200
[debug] [2025-08-30T14:26:43.275Z] <<< [apiv2][body] GET https://firebase.googleapis.com/v1beta1/projects [omitted]
[info] i  Using project sallang-80005 (sallang) 
[info] 
=== Dataconnect Setup
[debug] [2025-08-30T14:26:43.486Z] Checked if tokens are valid: true, expires at: 1756567431220
[debug] [2025-08-30T14:26:43.486Z] Checked if tokens are valid: true, expires at: 1756567431220
[debug] [2025-08-30T14:26:43.486Z] >>> [apiv2][query] GET https://cloudbilling.googleapis.com/v1/projects/sallang-80005/billingInfo [none]
[debug] [2025-08-30T14:26:44.221Z] <<< [apiv2][status] GET https://cloudbilling.googleapis.com/v1/projects/sallang-80005/billingInfo 200
[debug] [2025-08-30T14:26:44.222Z] <<< [apiv2][body] GET https://cloudbilling.googleapis.com/v1/projects/sallang-80005/billingInfo {"name":"projects/sallang-80005/billingInfo","projectId":"sallang-80005","billingAccountName":"","billingEnabled":false}
[info] i  dataconnect: ensuring required API firebasedataconnect.googleapis.com is enabled... 
[debug] [2025-08-30T14:26:44.223Z] Checked if tokens are valid: true, expires at: 1756567431220
[debug] [2025-08-30T14:26:44.223Z] Checked if tokens are valid: true, expires at: 1756567431220
[info] i  dataconnect: ensuring required API sqladmin.googleapis.com is enabled... 
[debug] [2025-08-30T14:26:44.224Z] Checked if tokens are valid: true, expires at: 1756567431220
[debug] [2025-08-30T14:26:44.224Z] Checked if tokens are valid: true, expires at: 1756567431220
[debug] [2025-08-30T14:26:44.225Z] >>> [apiv2][query] GET https://serviceusage.googleapis.com/v1/projects/sallang-80005/services/firebasedataconnect.googleapis.com [none]
[debug] [2025-08-30T14:26:44.225Z] >>> [apiv2][(partial)header] GET https://serviceusage.googleapis.com/v1/projects/sallang-80005/services/firebasedataconnect.googleapis.com x-goog-quota-user=projects/sallang-80005
[debug] [2025-08-30T14:26:44.226Z] >>> [apiv2][query] GET https://serviceusage.googleapis.com/v1/projects/sallang-80005/services/sqladmin.googleapis.com [none]
[debug] [2025-08-30T14:26:44.226Z] >>> [apiv2][(partial)header] GET https://serviceusage.googleapis.com/v1/projects/sallang-80005/services/sqladmin.googleapis.com x-goog-quota-user=projects/sallang-80005
[debug] [2025-08-30T14:26:45.414Z] <<< [apiv2][status] GET https://serviceusage.googleapis.com/v1/projects/sallang-80005/services/sqladmin.googleapis.com 200
[debug] [2025-08-30T14:26:45.415Z] <<< [apiv2][body] GET https://serviceusage.googleapis.com/v1/projects/sallang-80005/services/sqladmin.googleapis.com [omitted]
[warn] ⚠  dataconnect: missing required API sqladmin.googleapis.com. Enabling now... 
[debug] [2025-08-30T14:26:45.415Z] Checked if tokens are valid: true, expires at: 1756567431220
[debug] [2025-08-30T14:26:45.415Z] Checked if tokens are valid: true, expires at: 1756567431220
[debug] [2025-08-30T14:26:45.416Z] >>> [apiv2][query] POST https://serviceusage.googleapis.com/v1/projects/sallang-80005/services/sqladmin.googleapis.com:enable [none]
[debug] [2025-08-30T14:26:45.416Z] >>> [apiv2][(partial)header] POST https://serviceusage.googleapis.com/v1/projects/sallang-80005/services/sqladmin.googleapis.com:enable x-goog-quota-user=projects/sallang-80005
[debug] [2025-08-30T14:26:45.417Z] <<< [apiv2][status] GET https://serviceusage.googleapis.com/v1/projects/sallang-80005/services/firebasedataconnect.googleapis.com 200
[debug] [2025-08-30T14:26:45.417Z] <<< [apiv2][body] GET https://serviceusage.googleapis.com/v1/projects/sallang-80005/services/firebasedataconnect.googleapis.com [omitted]
[warn] ⚠  dataconnect: missing required API firebasedataconnect.googleapis.com. Enabling now... 
[debug] [2025-08-30T14:26:45.417Z] Checked if tokens are valid: true, expires at: 1756567431220
[debug] [2025-08-30T14:26:45.417Z] Checked if tokens are valid: true, expires at: 1756567431220
[debug] [2025-08-30T14:26:45.417Z] >>> [apiv2][query] POST https://serviceusage.googleapis.com/v1/projects/sallang-80005/services/firebasedataconnect.googleapis.com:enable [none]
[debug] [2025-08-30T14:26:45.417Z] >>> [apiv2][(partial)header] POST https://serviceusage.googleapis.com/v1/projects/sallang-80005/services/firebasedataconnect.googleapis.com:enable x-goog-quota-user=projects/sallang-80005
[debug] [2025-08-30T14:26:45.874Z] <<< [apiv2][status] POST https://serviceusage.googleapis.com/v1/projects/sallang-80005/services/firebasedataconnect.googleapis.com:enable 200
[debug] [2025-08-30T14:26:45.875Z] <<< [apiv2][body] POST https://serviceusage.googleapis.com/v1/projects/sallang-80005/services/firebasedataconnect.googleapis.com:enable [omitted]
[debug] [2025-08-30T14:26:45.994Z] <<< [apiv2][status] POST https://serviceusage.googleapis.com/v1/projects/sallang-80005/services/sqladmin.googleapis.com:enable 200
[debug] [2025-08-30T14:26:45.994Z] <<< [apiv2][body] POST https://serviceusage.googleapis.com/v1/projects/sallang-80005/services/sqladmin.googleapis.com:enable [omitted]
